 
****************************************
Report : timing
        -path full
        -delay max
        -max_paths 1
Design : MyDesign
Version: T-2022.03-SP4
Date   : Mon Nov 27 22:30:36 2023
****************************************

 # A fanout number of 1000 was used for high fanout net computations.

Operating Conditions: slow   Library: NangateOpenCellLibrary_PDKv1_2_v2008_10_slow_nldm
Wire Load Model Mode: top

  Startpoint: inst_a2_reg[37]
              (rising edge-triggered flip-flop clocked by clk)
  Endpoint: q_state_output_sram_write_data[62]
            (output port clocked by clk)
  Path Group: clk
  Path Type: max

  Point                                                   Incr       Path
  --------------------------------------------------------------------------
  clock clk (rise edge)                                 0.0000     0.0000
  clock network delay (ideal)                           0.0000     0.0000
  inst_a2_reg[37]/CK (DFF_X1)                           0.0000 #   0.0000 r
  inst_a2_reg[37]/Q (DFF_X1)                            0.8620     0.8620 r
  U26449/ZN (NOR2_X1)                                   0.1773     1.0393 f
  U26450/ZN (NAND4_X1)                                  0.3450     1.3844 r
  U26454/ZN (NOR2_X1)                                   0.0938     1.4782 f
  U18762/ZN (AND4_X1)                                   0.4153     1.8934 f
  U26460/ZN (NOR2_X1)                                   0.5070     2.4004 r
  U26461/ZN (NOR2_X1)                                   0.1816     2.5820 f
  U26463/ZN (OAI21_X1)                                  0.3302     2.9123 r
  U26476/ZN (AOI21_X1)                                  0.1376     3.0498 f
  U26499/ZN (OAI21_X1)                                  0.4965     3.5464 r
  U26537/ZN (AOI21_X1)                                  0.1817     3.7281 f
  U26538/Z (XOR2_X1)                                    0.5791     4.3072 r
  U25086/ZN (INV_X1)                                    0.0804     4.3876 f
  U26550/ZN (NOR2_X1)                                   0.1685     4.5560 r
  U16101/ZN (AND2_X2)                                   0.1797     4.7358 r
  U35286/CO (HA_X1)                                     0.1673     4.9031 r
  U16095/ZN (OR2_X1)                                    0.1361     5.0392 r
  U16092/ZN (OR2_X1)                                    0.1871     5.2262 r
  U16091/Z (XOR2_X2)                                    0.6542     5.8804 r
  U14944/ZN (INV_X1)                                    0.2362     6.1166 f
  U26735/ZN (NOR2_X1)                                   0.5141     6.6307 r
  U26760/ZN (NAND2_X1)                                  0.1088     6.7395 f
  U16547/ZN (AND2_X1)                                   0.2595     6.9990 f
  U23734/ZN (NAND2_X1)                                  0.4062     7.4052 r
  U26808/ZN (INV_X4)                                    0.2320     7.6372 f
  U14919/ZN (AOI222_X1)                                 0.9221     8.5593 r
  U27424/ZN (OAI22_X1)                                  0.2151     8.7744 f
  U27426/ZN (NOR2_X1)                                   0.3541     9.1285 r
  U27431/Z (MUX2_X1)                                    0.3354     9.4639 r
  U29533/ZN (INV_X1)                                    0.0631     9.5270 f
  U29535/ZN (OAI222_X1)                                 0.5475    10.0745 r
  U32317/ZN (NOR2_X1)                                   0.2372    10.3117 f
  U32336/S (FA_X1)                                      0.8709    11.1826 f
  U16661/ZN (NAND2_X1)                                  0.1588    11.3414 r
  U16786/ZN (INV_X1)                                    0.0714    11.4128 f
  U32354/ZN (AOI21_X1)                                  0.2880    11.7008 r
  U32385/ZN (OAI21_X1)                                  0.1314    11.8322 f
  U32386/ZN (AOI21_X1)                                  0.4585    12.2907 r
  U32516/ZN (OAI21_X1)                                  0.1491    12.4397 f
  U15859/ZN (AOI21_X2)                                  1.2252    13.6649 r
  U33158/ZN (OAI21_X1)                                  0.1682    13.8331 f
  U33159/ZN (AOI21_X1)                                  0.5006    14.3337 r
  U33160/Z (XOR2_X1)                                    0.6354    14.9691 r
  U33161/Z (XOR2_X1)                                    0.5413    15.5104 r
  U33162/ZN (NOR2_X1)                                   0.1544    15.6648 f
  U33661/ZN (INV_X1)                                    0.1012    15.7660 r
  U33662/ZN (OAI21_X1)                                  0.0816    15.8476 f
  U33663/ZN (AOI21_X1)                                  0.3666    16.2142 r
  U33664/ZN (OAI21_X1)                                  0.1714    16.3856 f
  U33665/ZN (AOI21_X1)                                  0.3749    16.7605 r
  U33666/ZN (OAI21_X1)                                  0.2075    16.9681 f
  U14929/ZN (INV_X1)                                    0.4615    17.4296 r
  U33953/ZN (AND2_X2)                                   0.7146    18.1442 r
  U33954/ZN (AOI21_X1)                                  0.2316    18.3757 f
  U33961/ZN (NAND2_X1)                                  0.2240    18.5998 r
  U15813/Z (XOR2_X1)                                    0.5462    19.1460 r
  U33966/S (FA_X1)                                      0.8098    19.9558 f
  U34047/CO (FA_X1)                                     0.5986    20.5544 f
  U34037/CO (FA_X1)                                     0.5172    21.0716 f
  U34031/CO (FA_X1)                                     0.5172    21.5889 f
  U34023/CO (FA_X1)                                     0.5172    22.1061 f
  U34017/CO (FA_X1)                                     0.5172    22.6234 f
  U34005/CO (FA_X1)                                     0.5172    23.1406 f
  U33998/CO (FA_X1)                                     0.5172    23.6578 f
  U35277/S (FA_X1)                                      0.6443    24.3021 f
  U35282/ZN (NOR2_X1)                                   0.2277    24.5298 r
  U35309/ZN (NAND3_X1)                                  0.0901    24.6199 f
  U35409/ZN (NAND2_X1)                                  0.1624    24.7823 r
  U15755/ZN (OR2_X1)                                    0.2228    25.0052 r
  U15751/ZN (OR2_X1)                                    0.1523    25.1575 r
  U15746/ZN (AND2_X1)                                   0.1978    25.3553 r
  U35410/ZN (AND2_X2)                                   0.2022    25.5575 r
  U14940/ZN (INV_X1)                                    0.0880    25.6454 f
  U35414/ZN (OR2_X2)                                    0.3803    26.0258 f
  U35932/ZN (NOR2_X1)                                   0.5442    26.5700 r
  U23729/ZN (INV_X1)                                    0.1819    26.7519 f
  U23730/ZN (INV_X1)                                    0.5709    27.3228 r
  U36551/ZN (NAND2_X1)                                  0.1218    27.4446 f
  U15723/ZN (AND4_X1)                                   0.4657    27.9102 f
  U36552/ZN (NAND3_X1)                                  0.2221    28.1323 r
  U36553/ZN (NAND2_X1)                                  0.0879    28.2201 f
  U16882/ZN (AND4_X1)                                   0.4491    28.6692 f
  U18464/ZN (AND4_X1)                                   0.3053    28.9745 f
  U37520/ZN (NAND3_X1)                                  0.1262    29.1007 r
  U37521/ZN (NAND2_X1)                                  0.0848    29.1854 f
  U37522/ZN (NAND3_X1)                                  0.2432    29.4286 r
  U37617/ZN (NOR3_X1)                                   0.1211    29.5497 f
  U37750/ZN (AOI21_X1)                                  0.2689    29.8186 r
  U15670/ZN (INV_X1)                                    0.1232    29.9419 f
  U14947/ZN (NOR2_X1)                                   0.5406    30.4825 r
  U38132/ZN (AOI21_X1)                                  0.1882    30.6707 f
  U38133/Z (XOR2_X1)                                    0.4041    31.0748 f
  U38134/ZN (NAND2_X1)                                  0.1177    31.1925 r
  U38137/ZN (NAND2_X1)                                  0.1402    31.3327 f
  U14965/ZN (INV_X1)                                    0.3609    31.6936 r
  U38144/ZN (NAND3_X1)                                  0.1624    31.8561 f
  U38145/ZN (NOR4_X1)                                   0.5742    32.4303 r
  U17159/ZN (AND2_X1)                                   0.2266    32.6569 r
  U18633/ZN (INV_X1)                                    0.0891    32.7460 f
  U14938/ZN (NOR2_X1)                                   0.6925    33.4385 r
  U15593/ZN (INV_X2)                                    0.2898    33.7283 f
  U38551/ZN (AOI21_X1)                                  0.3780    34.1063 r
  U38564/ZN (OAI21_X1)                                  0.1868    34.2931 f
  U15590/ZN (INV_X2)                                    0.3247    34.6178 r
  U38633/ZN (NAND2_X1)                                  0.1423    34.7601 f
  U38670/ZN (NOR2_X1)                                   0.4171    35.1772 r
  U38742/ZN (NAND2_X1)                                  0.1304    35.3076 f
  U16781/ZN (NAND2_X2)                                  0.5018    35.8094 r
  U14920/ZN (INV_X1)                                    0.2898    36.0993 f
  U16576/ZN (OR2_X1)                                    0.2747    36.3739 f
  U16686/ZN (INV_X1)                                    0.5599    36.9338 r
  U43733/ZN (NAND2_X1)                                  0.3752    37.3090 f
  U24688/ZN (INV_X1)                                    0.5149    37.8239 r
  U24804/ZN (INV_X1)                                    0.2952    38.1190 f
  U43840/ZN (OAI22_X1)                                  0.4712    38.5902 r
  U43841/ZN (AOI21_X1)                                  0.1862    38.7765 f
  U43842/ZN (OAI21_X1)                                  0.3222    39.0986 r
  U43902/S (FA_X1)                                      0.7509    39.8495 f
  U43844/ZN (NAND2_X1)                                  0.1588    40.0084 r
  U15420/ZN (INV_X1)                                    0.0714    40.0797 f
  U44001/ZN (AOI21_X1)                                  0.2435    40.3233 r
  U44002/ZN (OAI21_X1)                                  0.1714    40.4947 f
  U44003/ZN (AOI21_X1)                                  0.4480    40.9427 r
  U44323/ZN (OAI21_X1)                                  0.1351    41.0778 f
  U44324/ZN (AOI21_X1)                                  0.3824    41.4603 r
  U44325/ZN (OAI21_X1)                                  0.1800    41.6403 f
  U15288/ZN (AOI21_X2)                                  0.8090    42.4492 r
  U15286/Z (BUF_X4)                                     0.5945    43.0437 r
  U45357/ZN (OAI21_X1)                                  0.1650    43.2087 f
  U45367/ZN (XNOR2_X1)                                  0.6703    43.8790 r
  U45396/S (HA_X1)                                      0.6295    44.5084 r
  U45397/ZN (NOR2_X1)                                   0.1470    44.6554 f
  U46134/ZN (NAND2_X1)                                  0.1510    44.8064 r
  U46314/ZN (NOR2_X1)                                   0.0870    44.8935 f
  U46316/ZN (NAND2_X1)                                  0.1804    45.0739 r
  U15271/ZN (INV_X1)                                    0.0659    45.1399 f
  U46323/ZN (AOI21_X1)                                  0.2461    45.3860 r
  U46324/ZN (OAI21_X1)                                  0.2363    45.6223 f
  U14930/ZN (INV_X1)                                    0.6433    46.2656 r
  U46336/ZN (NAND2_X1)                                  0.2564    46.5220 f
  U46337/ZN (INV_X4)                                    0.3421    46.8641 r
  U46338/ZN (AOI21_X1)                                  0.1752    47.0393 f
  U46343/ZN (OAI21_X1)                                  0.2662    47.3056 r
  U18634/Z (XOR2_X1)                                    0.5629    47.8684 r
  U46351/S (FA_X1)                                      0.7425    48.6110 f
  U46346/ZN (NOR2_X1)                                   0.2487    48.8597 r
  U46377/ZN (OAI21_X1)                                  0.1850    49.0447 f
  U46392/ZN (AOI21_X1)                                  0.2070    49.2517 r
  U46393/ZN (OAI21_X1)                                  0.1827    49.4344 f
  U46394/ZN (XNOR2_X1)                                  0.3184    49.7529 f
  U46397/ZN (NOR2_X1)                                   0.1689    49.9218 r
  U46548/ZN (AND3_X1)                                   0.1868    50.1086 r
  U46557/ZN (NAND3_X1)                                  0.0889    50.1975 f
  U46660/ZN (NAND2_X1)                                  0.1348    50.3323 r
  U14943/ZN (INV_X1)                                    0.0938    50.4261 f
  U46661/ZN (AND2_X2)                                   0.2123    50.6384 f
  U46666/ZN (NAND2_X1)                                  0.1095    50.7479 r
  U15201/ZN (AND2_X1)                                   0.2295    50.9774 r
  U14946/ZN (NAND2_X1)                                  0.1590    51.1364 f
  U46682/ZN (OR2_X2)                                    0.3640    51.5004 f
  U23724/ZN (INV_X1)                                    0.6607    52.1611 r
  U15173/ZN (NAND2_X1)                                  0.3522    52.5133 f
  U25254/ZN (INV_X1)                                    0.7013    53.2146 r
  U49655/ZN (NAND2_X1)                                  0.1130    53.3276 f
  U23100/ZN (AND2_X1)                                   0.2098    53.5374 f
  U49695/ZN (NAND3_X1)                                  0.1600    53.6974 r
  U50332/ZN (NAND2_X1)                                  0.0951    53.7925 f
  U15151/ZN (AND3_X1)                                   0.2654    54.0579 f
  U76565/ZN (NOR2_X1)                                   0.2601    54.3180 r
  U76775/ZN (NAND2_X1)                                  0.0970    54.4150 f
  U76776/ZN (OAI21_X1)                                  0.2779    54.6929 r
  U76777/ZN (NAND2_X1)                                  0.1041    54.7970 f
  U15126/ZN (AND3_X1)                                   0.3409    55.1379 f
  U15119/ZN (INV_X1)                                    0.1673    55.3053 r
  U18970/ZN (AND4_X1)                                   0.2764    55.5816 r
  U18968/ZN (AND4_X1)                                   0.1789    55.7605 r
  U76839/ZN (NAND4_X1)                                  0.1077    55.8682 f
  U76840/ZN (NOR2_X1)                                   0.5276    56.3958 r
  U76858/ZN (AOI21_X1)                                  0.1571    56.5530 f
  U25371/ZN (INV_X1)                                    0.1819    56.7348 r
  U76970/CO (HA_X1)                                     0.2402    56.9750 r
  U76972/CO (HA_X1)                                     0.2406    57.2156 r
  U76866/CO (HA_X1)                                     0.2147    57.4303 r
  U76867/Z (XOR2_X1)                                    0.3617    57.7921 r
  U76868/ZN (NAND2_X1)                                  0.0980    57.8901 f
  U76869/ZN (OAI211_X1)                                 0.2840    58.1741 r
  U15005/Z (BUF_X2)                                     0.4942    58.6683 r
  q_state_output_sram_write_data[62] (out)              0.0000    58.6683 r
  data arrival time                                               58.6683

  clock clk (rise edge)                                60.0000    60.0000
  clock network delay (ideal)                           0.0000    60.0000
  clock uncertainty                                    -0.0500    59.9500
  output external delay                                -0.5660    59.3840
  data required time                                              59.3840
  --------------------------------------------------------------------------
  data required time                                              59.3840
  data arrival time                                              -58.6683
  --------------------------------------------------------------------------
  slack (MET)                                                      0.7157


1
