Information: Updating design information... (UID-85)
Warning: Design 'MyDesign' contains 1 high-fanout nets. A fanout number of 1000 will be used for delay calculations involving these nets. (TIM-134)
 
****************************************
Report : timing
        -path full
        -delay min
        -max_paths 1
Design : MyDesign
Version: T-2022.03-SP4
Date   : Mon Nov 27 22:30:04 2023
****************************************

 # A fanout number of 1000 was used for high fanout net computations.

Operating Conditions: fast   Library: NangateOpenCellLibrary_PDKv1_2_v2008_10_fast_nldm
Wire Load Model Mode: top

  Startpoint: w_arry_add_reg[61]
              (rising edge-triggered flip-flop clocked by clk)
  Endpoint: w_arry_add_reg[61]
            (rising edge-triggered flip-flop clocked by clk)
  Path Group: clk
  Path Type: min

  Point                                    Incr       Path
  -----------------------------------------------------------
  clock clk (rise edge)                  0.0000     0.0000
  clock network delay (ideal)            0.0000     0.0000
  w_arry_add_reg[61]/CK (DFF_X1)         0.0000 #   0.0000 r
  w_arry_add_reg[61]/Q (DFF_X1)          0.0555     0.0555 r
  U93681/ZN (AOI22_X1)                   0.0179     0.0734 f
  w_arry_add_reg[61]/D (DFF_X1)          0.0000     0.0734 f
  data arrival time                                 0.0734

  clock clk (rise edge)                  0.0000     0.0000
  clock network delay (ideal)            0.0000     0.0000
  clock uncertainty                      0.0500     0.0500
  w_arry_add_reg[61]/CK (DFF_X1)         0.0000     0.0500 r
  library hold time                      0.0004     0.0504
  data required time                                0.0504
  -----------------------------------------------------------
  data required time                                0.0504
  data arrival time                                -0.0734
  -----------------------------------------------------------
  slack (MET)                                       0.0230


1
