Information: Updating design information... (UID-85)
Warning: Design 'MyDesign' contains 1 high-fanout nets. A fanout number of 1000 will be used for delay calculations involving these nets. (TIM-134)
 
****************************************
Report : timing
        -path full
        -delay max
        -max_paths 1
Design : MyDesign
Version: T-2022.03-SP4
Date   : Mon Nov 27 22:29:05 2023
****************************************

 # A fanout number of 1000 was used for high fanout net computations.

Operating Conditions: slow   Library: NangateOpenCellLibrary_PDKv1_2_v2008_10_slow_nldm
Wire Load Model Mode: top

  Startpoint: inst_c1_reg[28]
              (rising edge-triggered flip-flop clocked by clk)
  Endpoint: q_state_output_sram_write_data[126]
            (output port clocked by clk)
  Path Group: clk
  Path Type: max

  Point                                                   Incr       Path
  --------------------------------------------------------------------------
  clock clk (rise edge)                                 0.0000     0.0000
  clock network delay (ideal)                           0.0000     0.0000
  inst_c1_reg[28]/CK (DFF_X1)                           0.0000 #   0.0000 r
  inst_c1_reg[28]/Q (DFF_X1)                            0.6003     0.6003 f
  U51562/ZN (NOR2_X1)                                   0.3021     0.9023 r
  U51563/ZN (NAND3_X1)                                  0.1053     1.0076 f
  U51564/ZN (NOR2_X1)                                   0.2170     1.2245 r
  U18921/ZN (AND4_X1)                                   0.2379     1.4625 r
  U18920/ZN (AND3_X1)                                   0.2371     1.6996 r
  U51594/ZN (NOR2_X1)                                   0.0851     1.7848 f
  U21500/ZN (INV_X1)                                    0.2720     2.0568 r
  U51681/S (FA_X1)                                      0.7282     2.7850 f
  U51595/ZN (INV_X1)                                    0.1177     2.9026 r
  U51680/ZN (OAI21_X1)                                  0.0819     2.9845 f
  U51691/ZN (AOI21_X1)                                  0.2393     3.2238 r
  U22358/ZN (INV_X1)                                    0.1534     3.3772 f
  U51773/ZN (AOI21_X1)                                  0.2483     3.6255 r
  U51774/Z (XOR2_X1)                                    0.5459     4.1713 r
  U51775/ZN (NAND2_X1)                                  0.1510     4.3224 f
  U51947/ZN (OAI21_X1)                                  0.2374     4.5597 r
  U19697/ZN (AND2_X1)                                   0.1972     4.7569 r
  U19696/ZN (OR2_X1)                                    0.1333     4.8902 r
  U19695/ZN (OR2_X1)                                    0.1335     5.0237 r
  U16535/ZN (OR2_X1)                                    0.1310     5.1547 r
  U16094/ZN (AND2_X2)                                   0.1413     5.2960 r
  U16534/ZN (OR2_X1)                                    0.1476     5.4435 r
  U51948/ZN (XNOR2_X1)                                  0.3883     5.8318 r
  U51949/ZN (NAND2_X1)                                  0.1511     5.9829 f
  U51950/ZN (NOR2_X1)                                   0.4224     6.4052 r
  U51975/ZN (NAND2_X1)                                  0.1088     6.5140 f
  U16079/ZN (AND2_X1)                                   0.2595     6.7735 f
  U23736/ZN (NAND2_X1)                                  0.4062     7.1797 r
  U52021/ZN (INV_X4)                                    0.2320     7.4117 f
  U20342/ZN (AOI222_X1)                                 0.9221     8.3338 r
  U20971/ZN (INV_X1)                                    0.1551     8.4889 f
  U24674/ZN (AOI222_X1)                                 1.1257     9.6146 r
  U56467/ZN (OAI222_X1)                                 0.4881    10.1027 f
  U56523/S (FA_X1)                                      0.8864    10.9892 f
  U17854/ZN (NAND2_X1)                                  0.1588    11.1480 r
  U21996/ZN (INV_X1)                                    0.0583    11.2063 f
  U57331/ZN (AOI21_X1)                                  0.3508    11.5571 r
  U57332/ZN (OAI21_X1)                                  0.1929    11.7500 f
  U57337/ZN (AOI21_X1)                                  0.3426    12.0926 r
  U57348/ZN (OAI21_X1)                                  0.2215    12.3140 f
  U16356/ZN (INV_X1)                                    0.6434    12.9574 r
  U58737/ZN (OAI21_X1)                                  0.1604    13.1178 f
  U58738/ZN (AOI21_X1)                                  0.4617    13.5795 r
  U58739/Z (XOR2_X1)                                    0.7906    14.3701 r
  U58746/S (HA_X1)                                      0.6069    14.9769 r
  U58747/ZN (NOR2_X1)                                   0.1574    15.1344 f
  U58909/ZN (INV_X1)                                    0.1027    15.2371 r
  U58910/ZN (OAI21_X1)                                  0.0818    15.3189 f
  U58911/ZN (AOI21_X1)                                  0.3666    15.6855 r
  U58912/ZN (OAI21_X1)                                  0.1714    15.8569 f
  U58913/ZN (AOI21_X1)                                  0.3868    16.2438 r
  U58953/ZN (OAI21_X1)                                  0.1807    16.4245 f
  U15834/ZN (INV_X2)                                    0.2613    16.6857 r
  U23753/ZN (AND2_X4)                                   0.7340    17.4197 r
  U59227/ZN (AOI21_X1)                                  0.2347    17.6544 f
  U59235/ZN (NAND2_X1)                                  0.2284    17.8828 r
  U18533/Z (XOR2_X1)                                    0.5462    18.4290 r
  U59240/S (FA_X1)                                      0.8098    19.2389 f
  U59281/CO (FA_X1)                                     0.5986    19.8375 f
  U59314/CO (FA_X1)                                     0.5172    20.3547 f
  U59279/CO (FA_X1)                                     0.5172    20.8719 f
  U59269/CO (FA_X1)                                     0.5172    21.3892 f
  U59274/CO (FA_X1)                                     0.5172    21.9064 f
  U59278/CO (FA_X1)                                     0.5172    22.4237 f
  U59276/CO (FA_X1)                                     0.5172    22.9409 f
  U59422/S (FA_X1)                                      0.6443    23.5852 f
  U59277/ZN (NOR2_X1)                                   0.2277    23.8129 r
  U59319/ZN (NAND3_X1)                                  0.0901    23.9030 f
  U14936/ZN (NAND2_X1)                                  0.1624    24.0654 r
  U15750/ZN (OR2_X1)                                    0.2416    24.3070 r
  U15748/ZN (OR2_X1)                                    0.1609    24.4679 r
  U15745/ZN (AND2_X1)                                   0.1978    24.6657 r
  U59424/ZN (AND2_X2)                                   0.2022    24.8679 r
  U14914/ZN (INV_X1)                                    0.0864    24.9543 f
  U59428/ZN (NOR2_X1)                                   1.0961    26.0503 r
  U15732/ZN (INV_X4)                                    0.2994    26.3498 f
  U60821/ZN (NOR2_X1)                                   0.5985    26.9483 r
  U24308/ZN (INV_X1)                                    0.1819    27.1302 f
  U24309/ZN (INV_X1)                                    0.5709    27.7011 r
  U61515/ZN (NAND2_X1)                                  0.1218    27.8228 f
  U18581/ZN (AND4_X1)                                   0.4657    28.2885 f
  U61516/ZN (NAND3_X1)                                  0.2221    28.5105 r
  U61517/ZN (NAND2_X1)                                  0.0879    28.5984 f
  U15694/ZN (AND4_X1)                                   0.4491    29.0475 f
  U18515/ZN (AND4_X1)                                   0.3053    29.3528 f
  U62697/ZN (NAND3_X1)                                  0.1262    29.4790 r
  U62698/ZN (NAND2_X1)                                  0.0858    29.5648 f
  U15676/ZN (AND3_X1)                                   0.3190    29.8838 f
  U15668/ZN (AND3_X1)                                   0.2590    30.1427 f
  U62813/ZN (AOI21_X1)                                  0.2638    30.4066 r
  U15667/ZN (INV_X1)                                    0.1229    30.5295 f
  U14951/ZN (NOR2_X1)                                   0.5405    31.0700 r
  U63298/ZN (AOI21_X1)                                  0.1882    31.2583 f
  U63299/Z (XOR2_X1)                                    0.4041    31.6623 f
  U63300/ZN (NAND2_X1)                                  0.1177    31.7801 r
  U63303/ZN (NAND2_X1)                                  0.1402    31.9203 f
  U23746/ZN (INV_X1)                                    0.3609    32.2812 r
  U63310/ZN (NAND3_X1)                                  0.1626    32.4438 f
  U23494/ZN (OR4_X1)                                    0.6776    33.1214 f
  U23493/ZN (OR2_X1)                                    0.2873    33.4087 f
  U15592/ZN (NOR2_X2)                                   0.3974    33.8061 r
  U14942/ZN (INV_X1)                                    0.3029    34.1090 f
  U63852/ZN (AOI21_X1)                                  0.3628    34.4717 r
  U63867/ZN (OAI21_X1)                                  0.1879    34.6596 f
  U15583/ZN (INV_X2)                                    0.3249    34.9845 r
  U63943/ZN (NAND2_X1)                                  0.1423    35.1268 f
  U63988/ZN (NOR2_X1)                                   0.4171    35.5439 r
  U64026/ZN (NAND2_X1)                                  0.1095    35.6534 f
  U18345/ZN (NAND2_X1)                                  0.3580    36.0114 r
  U64031/ZN (AND2_X2)                                   0.8480    36.8595 r
  U64356/ZN (NAND2_X1)                                  0.1164    36.9759 f
  U15538/ZN (AND4_X1)                                   0.4072    37.3831 f
  U24530/ZN (INV_X1)                                    0.1368    37.5200 r
  U64358/ZN (NAND2_X1)                                  0.0772    37.5972 f
  U15528/ZN (AND4_X1)                                   0.3137    37.9109 f
  U15525/ZN (INV_X1)                                    0.1488    38.0597 r
  U64982/ZN (AOI22_X1)                                  0.1086    38.1683 f
  U68877/ZN (OAI222_X1)                                 0.8301    38.9984 r
  U69071/S (FA_X1)                                      0.8463    39.8448 f
  U69304/ZN (NAND2_X1)                                  0.1588    40.0036 r
  U69305/ZN (INV_X1)                                    0.0583    40.0619 f
  U69306/ZN (AOI21_X1)                                  0.3508    40.4127 r
  U69307/ZN (OAI21_X1)                                  0.1714    40.5841 f
  U69308/ZN (AOI21_X1)                                  0.4480    41.0321 r
  U69328/ZN (OAI21_X1)                                  0.1351    41.1672 f
  U69329/ZN (AOI21_X1)                                  0.3824    41.5497 r
  U69330/ZN (OAI21_X1)                                  0.1800    41.7297 f
  U16334/ZN (AOI21_X2)                                  0.7998    42.5295 r
  U15282/Z (BUF_X4)                                     0.5945    43.1239 r
  U70945/ZN (OAI21_X1)                                  0.1650    43.2889 f
  U70947/ZN (XNOR2_X1)                                  0.5738    43.8628 r
  U25125/ZN (INV_X1)                                    0.2261    44.0888 f
  U70948/ZN (XNOR2_X1)                                  0.3043    44.3931 f
  U70949/ZN (NOR2_X1)                                   0.2565    44.6496 r
  U70950/ZN (NAND2_X1)                                  0.1124    44.7620 f
  U70951/ZN (NOR2_X1)                                   0.2703    45.0323 r
  U15262/ZN (NAND2_X2)                                  0.1467    45.1790 f
  U71390/ZN (AOI21_X1)                                  0.3822    45.5612 r
  U71391/ZN (OAI21_X1)                                  0.2278    45.7890 f
  U14932/ZN (INV_X1)                                    0.6188    46.4077 r
  U71851/ZN (XNOR2_X1)                                  0.4096    46.8174 r
  U17119/Z (XOR2_X1)                                    0.5316    47.3489 r
  U71870/S (FA_X1)                                      0.7425    48.0914 f
  U71871/ZN (NOR2_X1)                                   0.2487    48.3402 r
  U71876/ZN (OAI21_X1)                                  0.1172    48.4574 f
  U71877/ZN (AOI21_X1)                                  0.7074    49.1647 r
  U72010/Z (XOR2_X1)                                    0.6032    49.7679 r
  U72018/ZN (NOR4_X1)                                   0.1530    49.9209 f
  U72019/ZN (AND3_X1)                                   0.3174    50.2384 f
  U72028/ZN (NAND3_X1)                                  0.1667    50.4050 r
  U72029/ZN (AND2_X2)                                   0.2325    50.6376 r
  U18796/ZN (INV_X1)                                    0.0513    50.6888 f
  U18795/ZN (OR2_X1)                                    0.2202    50.9090 f
  U23452/ZN (OR2_X1)                                    0.2061    51.1152 f
  U72047/ZN (AND2_X2)                                   0.2332    51.3484 f
  U17168/ZN (NAND2_X2)                                  0.1902    51.5386 r
  U23738/ZN (NOR2_X2)                                   0.1847    51.7233 f
  U15167/ZN (INV_X2)                                    0.3741    52.0974 r
  U16462/ZN (NAND2_X1)                                  0.2378    52.3352 f
  U14941/ZN (INV_X1)                                    0.7813    53.1165 r
  U74810/ZN (NAND2_X1)                                  0.1150    53.2315 f
  U18827/ZN (AND4_X1)                                   0.4087    53.6402 f
  U74891/ZN (NAND2_X1)                                  0.1108    53.7510 r
  U23506/ZN (AND2_X1)                                   0.3086    54.0597 r
  U75363/ZN (NAND2_X1)                                  0.0969    54.1566 f
  U18848/ZN (AND3_X1)                                   0.2115    54.3682 f
  U75366/ZN (NOR2_X1)                                   0.2601    54.6282 r
  U75919/ZN (NAND2_X1)                                  0.1014    54.7296 f
  U75927/ZN (NAND3_X1)                                  0.1826    54.9122 r
  U75928/ZN (NAND2_X1)                                  0.0952    55.0074 f
  U75958/ZN (NAND3_X1)                                  0.2718    55.2791 r
  U17190/ZN (AND4_X1)                                   0.2496    55.5288 r
  U17188/ZN (AND4_X1)                                   0.1789    55.7076 r
  U76092/ZN (NAND4_X1)                                  0.1077    55.8153 f
  U76362/ZN (NOR2_X1)                                   0.5276    56.3429 r
  U76456/ZN (AOI21_X1)                                  0.1571    56.5001 f
  U15059/ZN (INV_X1)                                    0.1819    56.6819 r
  U76963/CO (HA_X1)                                     0.2402    56.9221 r
  U76863/CO (HA_X1)                                     0.2406    57.1627 r
  U76870/CO (HA_X1)                                     0.2147    57.3774 r
  U76871/Z (XOR2_X1)                                    0.3617    57.7392 r
  U76872/ZN (NAND2_X1)                                  0.0980    57.8372 f
  U76873/ZN (OAI211_X1)                                 0.2596    58.0967 r
  U23741/ZN (INV_X1)                                    0.2498    58.3465 f
  U15001/ZN (INV_X2)                                    0.4251    58.7716 r
  q_state_output_sram_write_data[126] (out)             0.0000    58.7716 r
  data arrival time                                               58.7716

  clock clk (rise edge)                                60.0000    60.0000
  clock network delay (ideal)                           0.0000    60.0000
  clock uncertainty                                    -0.0500    59.9500
  output external delay                                -0.5660    59.3840
  data required time                                              59.3840
  --------------------------------------------------------------------------
  data required time                                              59.3840
  data arrival time                                              -58.7716
  --------------------------------------------------------------------------
  slack (MET)                                                      0.6124


1
